<testng-results>
  <reporter-output>
  </reporter-output>
  <suite name="Command line suite">
    <groups>
    </groups>
    <test name="Command line test">
      <class name="com.smart.dao.BoardDaoTest">
        <test-method status="PASS" signature="unitilsBeforeClass()" name="unitilsBeforeClass" is-config="true" duration-ms="506" started-at="2018-05-03T14:46:33Z" finished-at="2018-05-03T14:46:34Z">
        </test-method>
        <test-method status="PASS" signature="unitilsAfterTestTearDown(java.lang.reflect.Method)" name="unitilsAfterTestTearDown" is-config="true" duration-ms="1" started-at="2018-05-03T14:46:57Z" finished-at="2018-05-03T14:46:57Z">
          <params>
            <param index="0">
              <value>
                <![CDATA[public void com.smart.dao.BoardDaoTest.removeBoard()]]>
              </value>
            </param>
          </params>
        </test-method>
        <test-method status="FAIL" signature="addBoard()" name="addBoard" duration-ms="583" started-at="2018-05-03T14:46:57Z" finished-at="2018-05-03T14:46:57Z">
          <exception class="java.lang.NullPointerException">
            <full-stacktrace>
              <![CDATA[java.lang.NullPointerException
	at org.apache.poi.ss.usermodel.WorkbookFactory.create(WorkbookFactory.java:79)
	at org.dbunit.dataset.excel.XlsDataSet.&lt;init&gt;(XlsDataSet.java:79)
	at com.smart.dataset.util.XlsDataSetBeanFactory.createProps(XlsDataSetBeanFactory.java:52)
	at com.smart.dataset.util.XlsDataSetBeanFactory.createBeans(XlsDataSetBeanFactory.java:29)
	at com.smart.dao.BoardDaoTest.addBoard(BoardDaoTest.java:38)
	at sun.reflect.NativeMethodAccessorImpl.invoke0(Native Method)
	at sun.reflect.NativeMethodAccessorImpl.invoke(NativeMethodAccessorImpl.java:62)
	at sun.reflect.DelegatingMethodAccessorImpl.invoke(DelegatingMethodAccessorImpl.java:43)
	at java.lang.reflect.Method.invoke(Method.java:498)
	at org.testng.internal.MethodHelper.invokeMethod(MethodHelper.java:580)
	at org.testng.internal.MethodHelper$1.runTestMethod(MethodHelper.java:698)
	at org.unitils.UnitilsTestNG.run(UnitilsTestNG.java:103)
	at sun.reflect.NativeMethodAccessorImpl.invoke0(Native Method)
	at sun.reflect.NativeMethodAccessorImpl.invoke(NativeMethodAccessorImpl.java:62)
	at sun.reflect.DelegatingMethodAccessorImpl.invoke(DelegatingMethodAccessorImpl.java:43)
	at java.lang.reflect.Method.invoke(Method.java:498)
	at org.testng.internal.MethodHelper.invokeHookable(MethodHelper.java:706)
	at org.testng.internal.Invoker.invokeMethod(Invoker.java:468)
	at org.testng.internal.Invoker.invokeTestMethod(Invoker.java:617)
	at org.testng.internal.Invoker.invokeTestMethods(Invoker.java:885)
	at org.testng.internal.TestMethodWorker.invokeTestMethods(TestMethodWorker.java:126)
	at org.testng.internal.TestMethodWorker.run(TestMethodWorker.java:110)
	at org.testng.TestRunner.runWorkers(TestRunner.java:712)
	at org.testng.TestRunner.privateRun(TestRunner.java:582)
	at org.testng.TestRunner.run(TestRunner.java:477)
	at org.testng.SuiteRunner.runTest(SuiteRunner.java:324)
	at org.testng.SuiteRunner.runSequentially(SuiteRunner.java:319)
	at org.testng.SuiteRunner.privateRun(SuiteRunner.java:292)
	at org.testng.SuiteRunner.run(SuiteRunner.java:198)
	at org.testng.TestNG.createAndRunSuiteRunners(TestNG.java:821)
	at org.testng.TestNG.runSuitesLocally(TestNG.java:788)
	at org.testng.TestNG.run(TestNG.java:708)
	at org.apache.maven.surefire.testng.TestNGExecutor.run(TestNGExecutor.java:60)
	at org.apache.maven.surefire.testng.TestNGDirectoryTestSuite.executeMulti(TestNGDirectoryTestSuite.java:153)
	at org.apache.maven.surefire.testng.TestNGDirectoryTestSuite.execute(TestNGDirectoryTestSuite.java:99)
	at org.apache.maven.surefire.testng.TestNGProvider.invoke(TestNGProvider.java:111)
	at sun.reflect.NativeMethodAccessorImpl.invoke0(Native Method)
	at sun.reflect.NativeMethodAccessorImpl.invoke(NativeMethodAccessorImpl.java:62)
	at sun.reflect.DelegatingMethodAccessorImpl.invoke(DelegatingMethodAccessorImpl.java:43)
	at java.lang.reflect.Method.invoke(Method.java:498)
	at org.apache.maven.surefire.booter.ProviderFactory$ClassLoaderProxy.invoke(ProviderFactory.java:103)
	at com.sun.proxy.$Proxy0.invoke(Unknown Source)
	at org.apache.maven.surefire.booter.SurefireStarter.invokeProvider(SurefireStarter.java:150)
	at org.apache.maven.surefire.booter.SurefireStarter.runSuitesInProcess(SurefireStarter.java:91)
	at org.apache.maven.surefire.booter.ForkedBooter.main(ForkedBooter.java:69)
]]>
            </full-stacktrace>
          </exception>
        </test-method>
        <test-method status="SKIP" signature="unitilsBeforeTestSetUp(java.lang.reflect.Method)" name="unitilsBeforeTestSetUp" is-config="true" duration-ms="0" started-at="2018-05-03T14:46:57Z" finished-at="2018-05-03T14:46:57Z">
        </test-method>
        <test-method status="PASS" signature="unitilsAfterTestTearDown(java.lang.reflect.Method)" name="unitilsAfterTestTearDown" is-config="true" duration-ms="0" started-at="2018-05-03T14:46:57Z" finished-at="2018-05-03T14:46:57Z">
          <params>
            <param index="0">
              <value>
                <![CDATA[public void com.smart.dao.BoardDaoTest.addBoard() throws java.lang.Exception]]>
              </value>
            </param>
          </params>
        </test-method>
        <test-method status="FAIL" signature="unitilsBeforeTestSetUp(java.lang.reflect.Method)" name="unitilsBeforeTestSetUp" is-config="true" duration-ms="0" started-at="2018-05-03T14:46:57Z" finished-at="2018-05-03T14:46:57Z">
          <params>
            <param index="0">
              <value>
                <![CDATA[public void com.smart.dao.BoardDaoTest.removeBoard()]]>
              </value>
            </param>
          </params>
          <exception class="org.unitils.core.UnitilsException">
            <message>
              <![CDATA[Error inserting test data from DbUnit dataset for method public void com.smart.dao.BoardDaoTest.removeBoard()]]>
            </message>
            <full-stacktrace>
              <![CDATA[org.unitils.core.UnitilsException: Error inserting test data from DbUnit dataset for method public void com.smart.dao.BoardDaoTest.removeBoard()
	at org.unitils.dbunit.DbUnitModule.insertDataSet(DbUnitModule.java:190)
	at org.unitils.dbunit.DbUnitModule$DbUnitListener.beforeTestSetUp(DbUnitModule.java:791)
	at org.unitils.core.Unitils$UnitilsTestListener.beforeTestSetUp(Unitils.java:273)
	at org.unitils.UnitilsTestNG.unitilsBeforeTestSetUp(UnitilsTestNG.java:62)
	at sun.reflect.NativeMethodAccessorImpl.invoke0(Native Method)
	at sun.reflect.NativeMethodAccessorImpl.invoke(NativeMethodAccessorImpl.java:62)
	at sun.reflect.DelegatingMethodAccessorImpl.invoke(DelegatingMethodAccessorImpl.java:43)
	at java.lang.reflect.Method.invoke(Method.java:498)
	at org.testng.internal.MethodHelper.invokeMethod(MethodHelper.java:580)
	at org.testng.internal.Invoker.invokeConfigurationMethod(Invoker.java:398)
	at org.testng.internal.Invoker.invokeConfigurations(Invoker.java:145)
	at org.testng.internal.Invoker.invokeMethod(Invoker.java:427)
	at org.testng.internal.Invoker.invokeTestMethod(Invoker.java:617)
	at org.testng.internal.Invoker.invokeTestMethods(Invoker.java:885)
	at org.testng.internal.TestMethodWorker.invokeTestMethods(TestMethodWorker.java:126)
	at org.testng.internal.TestMethodWorker.run(TestMethodWorker.java:110)
	at org.testng.TestRunner.runWorkers(TestRunner.java:712)
	at org.testng.TestRunner.privateRun(TestRunner.java:582)
	at org.testng.TestRunner.run(TestRunner.java:477)
	at org.testng.SuiteRunner.runTest(SuiteRunner.java:324)
	at org.testng.SuiteRunner.runSequentially(SuiteRunner.java:319)
	at org.testng.SuiteRunner.privateRun(SuiteRunner.java:292)
	at org.testng.SuiteRunner.run(SuiteRunner.java:198)
	at org.testng.TestNG.createAndRunSuiteRunners(TestNG.java:821)
	at org.testng.TestNG.runSuitesLocally(TestNG.java:788)
	at org.testng.TestNG.run(TestNG.java:708)
	at org.apache.maven.surefire.testng.TestNGExecutor.run(TestNGExecutor.java:60)
	at org.apache.maven.surefire.testng.TestNGDirectoryTestSuite.executeMulti(TestNGDirectoryTestSuite.java:153)
	at org.apache.maven.surefire.testng.TestNGDirectoryTestSuite.execute(TestNGDirectoryTestSuite.java:99)
	at org.apache.maven.surefire.testng.TestNGProvider.invoke(TestNGProvider.java:111)
	at sun.reflect.NativeMethodAccessorImpl.invoke0(Native Method)
	at sun.reflect.NativeMethodAccessorImpl.invoke(NativeMethodAccessorImpl.java:62)
	at sun.reflect.DelegatingMethodAccessorImpl.invoke(DelegatingMethodAccessorImpl.java:43)
	at java.lang.reflect.Method.invoke(Method.java:498)
	at org.apache.maven.surefire.booter.ProviderFactory$ClassLoaderProxy.invoke(ProviderFactory.java:103)
	at com.sun.proxy.$Proxy0.invoke(Unknown Source)
	at org.apache.maven.surefire.booter.SurefireStarter.invokeProvider(SurefireStarter.java:150)
	at org.apache.maven.surefire.booter.SurefireStarter.runSuitesInProcess(SurefireStarter.java:91)
	at org.apache.maven.surefire.booter.ForkedBooter.main(ForkedBooter.java:69)
Caused by: org.unitils.core.UnitilsException: Could not load class with name com.smart.test.dataset.excel.MultiSchemaXlsDataSetFactory
	at org.unitils.util.ReflectionUtils.getClassWithName(ReflectionUtils.java:612)
	at org.unitils.util.ModuleUtils.getClassValueReplaceDefault(ModuleUtils.java:145)
	at org.unitils.dbunit.DbUnitModule.getDataSetFactory(DbUnitModule.java:712)
	at org.unitils.dbunit.DbUnitModule.getDataSet(DbUnitModule.java:441)
	at org.unitils.dbunit.DbUnitModule.insertDataSet(DbUnitModule.java:261)
	at org.unitils.dbunit.DbUnitModule.insertDataSet(DbUnitModule.java:187)
	... 38 more
Caused by: java.lang.ClassNotFoundException: com.smart.test.dataset.excel.MultiSchemaXlsDataSetFactory
	at java.net.URLClassLoader.findClass(URLClassLoader.java:381)
	at java.lang.ClassLoader.loadClass(ClassLoader.java:424)
	at sun.misc.Launcher$AppClassLoader.loadClass(Launcher.java:335)
	at java.lang.ClassLoader.loadClass(ClassLoader.java:357)
	at java.lang.Class.forName0(Native Method)
	at java.lang.Class.forName(Class.java:264)
	at org.unitils.util.ReflectionUtils.getClassWithName(ReflectionUtils.java:609)
	... 43 more
]]>
            </full-stacktrace>
          </exception>
        </test-method>
        <test-method status="SKIP" signature="removeBoard()" name="removeBoard" duration-ms="0" started-at="2018-05-03T14:46:57Z" finished-at="2018-05-03T14:46:57Z">
        </test-method>
        <test-method status="SKIP" signature="getBoard()" name="getBoard" duration-ms="0" started-at="2018-05-03T14:46:57Z" finished-at="2018-05-03T14:46:57Z">
        </test-method>
        <test-method status="PASS" signature="unitilsBeforeTestSetUp(java.lang.reflect.Method)" name="unitilsBeforeTestSetUp" is-config="true" duration-ms="22999" started-at="2018-05-03T14:46:34Z" finished-at="2018-05-03T14:46:57Z">
          <params>
            <param index="0">
              <value>
                <![CDATA[public void com.smart.dao.BoardDaoTest.addBoard() throws java.lang.Exception]]>
              </value>
            </param>
          </params>
        </test-method>
        <test-method status="PASS" signature="unitilsAfterTestTearDown(java.lang.reflect.Method)" name="unitilsAfterTestTearDown" is-config="true" duration-ms="0" started-at="2018-05-03T14:46:57Z" finished-at="2018-05-03T14:46:57Z">
          <params>
            <param index="0">
              <value>
                <![CDATA[public void com.smart.dao.BoardDaoTest.getBoard()]]>
              </value>
            </param>
          </params>
        </test-method>
      </class>
    </test>
  </suite>
</testng-results>
